<?xml version="1.0" encoding="UTF-8"?>
<testsuite xmlns:xsi="http://www.w3.org/2001/XMLSchema-instance" xsi:noNamespaceSchemaLocation="https://maven.apache.org/surefire/maven-surefire-plugin/xsd/surefire-test-report.xsd" version="3.0.2" name="com.prudential.environment.EnvironmentManagementApplicationTests" time="20.767" tests="1" errors="0" skipped="0" failures="0">
  <properties>
[...]
</properties>
  <testcase name="contextLoads" classname="com.prudential.environment.EnvironmentManagementApplicationTests" time="0.585">
    <system-out><![CDATA[17:14:00.775 [main] INFO org.springframework.test.context.support.AnnotationConfigContextLoaderUtils -- Could not detect default configuration classes for test class [com.prudential.environment.EnvironmentManagementApplicationTests]: EnvironmentManagementApplicationTests does not declare any static, non-private, non-final, nested classes annotated with @Configuration.
17:14:00.923 [main] INFO org.springframework.boot.test.context.SpringBootTestContextBootstrapper -- Found @SpringBootConfiguration com.prudential.environment.EnvironmentManagementApplication for test class com.prudential.environment.EnvironmentManagementApplicationTests

  .   ____          _            __ _ _
 /\\ / ___'_ __ _ _(_)_ __  __ _ \ \ \ \
( ( )\___ | '_ | '_| | '_ \/ _` | \ \ \ \
 \\/  ___)| |_)| | | | | || (_| |  ) ) ) )
  '  |____| .__|_| |_|_| |_\__, | / / / /
 =========|_|==============|___/=/_/_/_/

 :: Spring Boot ::                (v3.4.3)

2025-04-04T17:14:01.489+05:30  INFO 32596 --- [environment-management] [           main] .e.EnvironmentManagementApplicationTests : Starting EnvironmentManagementApplicationTests using Java 17.0.14 with PID 32596 (started by pariv in C:\Users\pariv\Downloads\environment\environment\environment)
2025-04-04T17:14:01.490+05:30  INFO 32596 --- [environment-management] [           main] .e.EnvironmentManagementApplicationTests : No active profile set, falling back to 1 default profile: "default"
2025-04-04T17:14:02.525+05:30  INFO 32596 --- [environment-management] [           main] .s.d.r.c.RepositoryConfigurationDelegate : Bootstrapping Spring Data JPA repositories in DEFAULT mode.
2025-04-04T17:14:02.614+05:30  INFO 32596 --- [environment-management] [           main] .s.d.r.c.RepositoryConfigurationDelegate : Finished Spring Data repository scanning in 77 ms. Found 6 JPA repository interfaces.
2025-04-04T17:14:03.209+05:30  INFO 32596 --- [environment-management] [           main] o.hibernate.jpa.internal.util.LogHelper  : HHH000204: Processing PersistenceUnitInfo [name: default]
2025-04-04T17:14:03.289+05:30  INFO 32596 --- [environment-management] [           main] org.hibernate.Version                    : HHH000412: Hibernate ORM core version 6.6.8.Final
2025-04-04T17:14:03.332+05:30  INFO 32596 --- [environment-management] [           main] o.h.c.internal.RegionFactoryInitiator    : HHH000026: Second-level cache disabled
2025-04-04T17:14:03.837+05:30  INFO 32596 --- [environment-management] [           main] o.s.o.j.p.SpringPersistenceUnitInfo      : No LoadTimeWeaver setup: ignoring JPA class transformer
2025-04-04T17:14:03.878+05:30  INFO 32596 --- [environment-management] [           main] com.zaxxer.hikari.HikariDataSource       : HikariPool-1 - Starting...
2025-04-04T17:14:08.108+05:30  INFO 32596 --- [environment-management] [           main] com.zaxxer.hikari.pool.HikariPool        : HikariPool-1 - Added connection org.postgresql.jdbc.PgConnection@2ac05a33
2025-04-04T17:14:08.110+05:30  INFO 32596 --- [environment-management] [           main] com.zaxxer.hikari.HikariDataSource       : HikariPool-1 - Start completed.
2025-04-04T17:14:08.539+05:30  WARN 32596 --- [environment-management] [           main] org.hibernate.orm.deprecation            : HHH90000025: PostgreSQLDialect does not need to be specified explicitly using 'hibernate.dialect' (remove the property setting and it will be selected by default)
2025-04-04T17:14:09.430+05:30  INFO 32596 --- [environment-management] [           main] org.hibernate.orm.connections.pooling    : HHH10001005: Database info:
	Database JDBC URL [Connecting through datasource 'HikariDataSource (HikariPool-1)']
	Database driver: undefined/unknown
	Database version: 16.8
	Autocommit mode: undefined/unknown
	Isolation level: undefined/unknown
	Minimum pool size: undefined/unknown
	Maximum pool size: undefined/unknown
2025-04-04T17:14:10.535+05:30  INFO 32596 --- [environment-management] [           main] o.h.e.t.j.p.i.JtaPlatformInitiator       : HHH000489: No JTA platform available (set 'hibernate.transaction.jta.platform' to enable JTA platform integration)
2025-04-04T17:14:18.905+05:30  INFO 32596 --- [environment-management] [           main] j.LocalContainerEntityManagerFactoryBean : Initialized JPA EntityManagerFactory for persistence unit 'default'
2025-04-04T17:14:19.331+05:30  INFO 32596 --- [environment-management] [           main] o.s.d.j.r.query.QueryEnhancerFactory     : Hibernate is in classpath; If applicable, HQL parser will be used.
2025-04-04T17:14:19.847+05:30  WARN 32596 --- [environment-management] [           main] JpaBaseConfiguration$JpaWebConfiguration : spring.jpa.open-in-view is enabled by default. Therefore, database queries may be performed during view rendering. Explicitly configure spring.jpa.open-in-view to disable this warning
2025-04-04T17:14:20.448+05:30  INFO 32596 --- [environment-management] [           main] o.s.v.b.OptionalValidatorFactoryBean     : Failed to set up a Bean Validation provider: jakarta.validation.NoProviderFoundException: Unable to create a Configuration, because no Jakarta Bean Validation provider could be found. Add a provider like Hibernate Validator (RI) to your classpath.
2025-04-04T17:14:20.753+05:30  INFO 32596 --- [environment-management] [           main] .e.EnvironmentManagementApplicationTests : Started EnvironmentManagementApplicationTests in 19.605 seconds (process running for 21.124)
]]></system-out>
  </testcase>
</testsuite>